Base path: 'C:/Program Files/Unity/Hub/Editor/2019.4.21f1/Editor/Data', plugins path 'C:/Program Files/Unity/Hub/Editor/2019.4.21f1/Editor/Data/PlaybackEngines'
Cmd: initializeCompiler
Cmd: compileComputeKernel
  api=4 insize=7985 outsize=2090 ok=1
Cmd: compileComputeKernel
  api=4 insize=4264 outsize=1831 ok=1
Cmd: compileComputeKernel
  api=4 insize=21333 outsize=1674 ok=1
Cmd: compileComputeKernel
  api=4 insize=21333 outsize=1309 ok=1
Cmd: compileComputeKernel
  api=4 insize=21333 outsize=1344 ok=1
Cmd: compileComputeKernel
  api=4 insize=21333 outsize=2271 ok=1
Cmd: compileComputeKernel
  api=4 insize=14905 outsize=1283 ok=1
Cmd: compileComputeKernel
  api=4 insize=14905 outsize=1345 ok=1
Cmd: compileComputeKernel
  api=4 insize=14905 outsize=1762 ok=1
Cmd: compileSnippet
  api=4 type=1 insize=1602 outsize=7294 kw=UNITY_PASS_FORWARDBASE DIRECTIONAL SHADOWS_SCREEN LIGHTPROBE_SH _EMISSION pd=UNITY_ENABLE_REFLECTION_BUFFERS UNITY_USE_DITHER_MASK_FOR_ALPHABLENDED_SHADOWS UNITY_PBS_USE_BRDF1 UNITY_SPECCUBE_BOX_PROJECTION UNITY_SPECCUBE_BLENDING UNITY_ENABLE_DETAIL_NORMALMAP SHADER_API_DESKTOP UNITY_COLORSPACE_GAMMA UNITY_LIGHT_PROBE_PROXY_VOLUME UNITY_LIGHTMAP_FULL_HDR ok=1

Quitting shader compiler process
